2024-12-23 10:53:09,426 p=82250 u=kurthogarth n=botocore.credentials | Found credentials in shared credentials file: ~/.aws/credentials
2024-12-23 10:53:10,560 p=82250 u=kurthogarth n=ansible | PLAY [Setup Health App] **********************************************************************************************************
2024-12-23 10:53:10,567 p=82250 u=kurthogarth n=ansible | TASK [Gathering Facts] ***********************************************************************************************************
2024-12-23 10:53:12,349 p=82250 u=kurthogarth n=ansible |  [ERROR]: User interrupted execution

2024-12-23 10:53:18,372 p=82275 u=kurthogarth n=botocore.credentials | Found credentials in shared credentials file: ~/.aws/credentials
2024-12-23 10:53:19,173 p=82275 u=kurthogarth n=ansible | PLAY [Setup Health App] **********************************************************************************************************
2024-12-23 10:53:19,180 p=82275 u=kurthogarth n=ansible | TASK [Gathering Facts] ***********************************************************************************************************
2024-12-23 10:53:31,144 p=82275 u=kurthogarth n=ansible | ok: [health-development-0]
2024-12-23 10:53:31,149 p=82275 u=kurthogarth n=ansible | TASK [deploy_health_app : Check whoami] ******************************************************************************************
2024-12-23 10:53:42,039 p=82275 u=kurthogarth n=ansible | changed: [health-development-0]
2024-12-23 10:53:42,048 p=82275 u=kurthogarth n=ansible | TASK [deploy_health_app : Display whoami] ****************************************************************************************
2024-12-23 10:53:42,068 p=82275 u=kurthogarth n=ansible | ok: [health-development-0] => {
    "msg": "The effective user is root"
}
2024-12-23 10:53:42,073 p=82275 u=kurthogarth n=ansible | TASK [deploy_health_app : Get stats for directory '/srv'] ************************************************************************
2024-12-23 10:53:54,216 p=82275 u=kurthogarth n=ansible | ok: [health-development-0]
2024-12-23 10:53:54,225 p=82275 u=kurthogarth n=ansible | TASK [deploy_health_app : Print message if directory exists] *********************************************************************
2024-12-23 10:53:54,245 p=82275 u=kurthogarth n=ansible | ok: [health-development-0] => {
    "msg": "Directory '/srv' exists."
}
2024-12-23 10:53:54,251 p=82275 u=kurthogarth n=ansible | TASK [deploy_health_app : Fail if directory not found] ***************************************************************************
2024-12-23 10:53:54,263 p=82275 u=kurthogarth n=ansible | skipping: [health-development-0]
2024-12-23 10:53:54,267 p=82275 u=kurthogarth n=ansible | TASK [deploy_health_app : Create the app directory] ******************************************************************************
2024-12-23 10:54:05,222 p=82275 u=kurthogarth n=ansible | changed: [health-development-0]
2024-12-23 10:54:05,234 p=82275 u=kurthogarth n=ansible | TASK [deploy_health_app : Check if the app directory was created] ****************************************************************
2024-12-23 10:54:05,262 p=82275 u=kurthogarth n=ansible | ok: [health-development-0] => {
    "msg": "Created app directory."
}
2024-12-23 10:54:05,268 p=82275 u=kurthogarth n=ansible | TASK [deploy_health_app : Report failure if the app directory does not exist] ****************************************************
2024-12-23 10:54:05,279 p=82275 u=kurthogarth n=ansible | skipping: [health-development-0]
2024-12-23 10:54:05,284 p=82275 u=kurthogarth n=ansible | TASK [deploy_health_app : Copy files to app directory] ***************************************************************************
2024-12-23 10:54:27,125 p=82275 u=kurthogarth n=ansible | changed: [health-development-0]
2024-12-23 10:54:27,137 p=82275 u=kurthogarth n=ansible | TASK [deploy_health_app : Check if the copy task was successful] *****************************************************************
2024-12-23 10:54:27,165 p=82275 u=kurthogarth n=ansible | ok: [health-development-0] => {
    "msg": "Files successfully copied: /srv/health_check/http_server.py."
}
2024-12-23 10:54:27,170 p=82275 u=kurthogarth n=ansible | TASK [deploy_health_app : Report failure if copy task failed] ********************************************************************
2024-12-23 10:54:27,183 p=82275 u=kurthogarth n=ansible | skipping: [health-development-0]
2024-12-23 10:54:27,223 p=82275 u=kurthogarth n=ansible | PLAY RECAP ***********************************************************************************************************************
2024-12-23 10:54:27,223 p=82275 u=kurthogarth n=ansible | health-development-0       : ok=9    changed=3    unreachable=0    failed=0    skipped=3    rescued=0    ignored=0   
2024-12-23 10:56:22,320 p=82438 u=kurthogarth n=botocore.credentials | Found credentials in shared credentials file: ~/.aws/credentials
2024-12-23 10:56:23,211 p=82438 u=kurthogarth n=ansible | PLAY [Setup Health App] **********************************************************************************************************
2024-12-23 10:56:23,219 p=82438 u=kurthogarth n=ansible | TASK [Gathering Facts] ***********************************************************************************************************
2024-12-23 10:56:35,993 p=82438 u=kurthogarth n=ansible | ok: [health-development-0]
2024-12-23 10:56:35,996 p=82438 u=kurthogarth n=ansible | TASK [deploy_health_app : Check whoami] ******************************************************************************************
2024-12-23 10:56:47,129 p=82438 u=kurthogarth n=ansible | changed: [health-development-0]
2024-12-23 10:56:47,134 p=82438 u=kurthogarth n=ansible | TASK [deploy_health_app : Display whoami] ****************************************************************************************
2024-12-23 10:56:47,148 p=82438 u=kurthogarth n=ansible | ok: [health-development-0] => {
    "msg": "The effective user is root"
}
2024-12-23 10:56:47,151 p=82438 u=kurthogarth n=ansible | TASK [deploy_health_app : Get stats for directory '/srv'] ************************************************************************
2024-12-23 10:56:58,138 p=82438 u=kurthogarth n=ansible | ok: [health-development-0]
2024-12-23 10:56:58,144 p=82438 u=kurthogarth n=ansible | TASK [deploy_health_app : Print message if directory exists] *********************************************************************
2024-12-23 10:56:58,157 p=82438 u=kurthogarth n=ansible | ok: [health-development-0] => {
    "msg": "Directory '/srv' exists."
}
2024-12-23 10:56:58,161 p=82438 u=kurthogarth n=ansible | TASK [deploy_health_app : Fail if directory not found] ***************************************************************************
2024-12-23 10:56:58,170 p=82438 u=kurthogarth n=ansible | skipping: [health-development-0]
2024-12-23 10:56:58,172 p=82438 u=kurthogarth n=ansible | TASK [deploy_health_app : Create the app directory] ******************************************************************************
2024-12-23 10:57:09,291 p=82438 u=kurthogarth n=ansible | ok: [health-development-0]
2024-12-23 10:57:09,297 p=82438 u=kurthogarth n=ansible | TASK [deploy_health_app : Check if the app directory was created] ****************************************************************
2024-12-23 10:57:09,317 p=82438 u=kurthogarth n=ansible | ok: [health-development-0] => {
    "msg": "Created app directory."
}
2024-12-23 10:57:09,320 p=82438 u=kurthogarth n=ansible | TASK [deploy_health_app : Report failure if the app directory does not exist] ****************************************************
2024-12-23 10:57:09,333 p=82438 u=kurthogarth n=ansible | skipping: [health-development-0]
2024-12-23 10:57:09,338 p=82438 u=kurthogarth n=ansible | TASK [deploy_health_app : Copy server python script] *****************************************************************************
2024-12-23 10:57:26,648 p=82438 u=kurthogarth n=ansible | ok: [health-development-0]
2024-12-23 10:57:26,658 p=82438 u=kurthogarth n=ansible | TASK [deploy_health_app : Check if the copy task was successful] *****************************************************************
2024-12-23 10:57:26,682 p=82438 u=kurthogarth n=ansible | ok: [health-development-0] => {
    "msg": "Copied file to: /srv/health_check/http_server.py"
}
2024-12-23 10:57:26,687 p=82438 u=kurthogarth n=ansible | TASK [deploy_health_app : Report failure if copy task failed] ********************************************************************
2024-12-23 10:57:26,700 p=82438 u=kurthogarth n=ansible | skipping: [health-development-0]
2024-12-23 10:57:26,704 p=82438 u=kurthogarth n=ansible | TASK [Start HTTP Service] ********************************************************************************************************
2024-12-23 10:57:26,718 p=82438 u=kurthogarth n=ansible | ERROR! We were unable to read either as JSON nor YAML, these are the errors we got from each:
JSON: Expecting value: line 1 column 1 (char 0)

Syntax Error while loading YAML.
  did not find expected '-' indicator. while parsing a block collection
  in "<unicode string>", line 7, column 5
did not find expected '-' indicator
  in "<unicode string>", line 53, column 6

The error appears to be in '/Users/kurthogarth/Documents/GitHub/requis_deploy/ansible/roles/systemd-service/tasks/main.yml': line 53, column 6, but may
be elsewhere in the file depending on the exact syntax problem.

The offending line appears to be:


     - name: Fail if the service is not running
     ^ here

2024-12-23 10:58:20,012 p=82562 u=kurthogarth n=botocore.credentials | Found credentials in shared credentials file: ~/.aws/credentials
2024-12-23 10:58:20,881 p=82562 u=kurthogarth n=ansible | PLAY [Setup Health App] **********************************************************************************************************
2024-12-23 10:58:20,887 p=82562 u=kurthogarth n=ansible | TASK [Gathering Facts] ***********************************************************************************************************
2024-12-23 10:58:33,576 p=82562 u=kurthogarth n=ansible | ok: [health-development-0]
2024-12-23 10:58:33,582 p=82562 u=kurthogarth n=ansible | TASK [deploy_health_app : Check whoami] ******************************************************************************************
2024-12-23 10:58:45,098 p=82562 u=kurthogarth n=ansible | changed: [health-development-0]
2024-12-23 10:58:45,109 p=82562 u=kurthogarth n=ansible | TASK [deploy_health_app : Display whoami] ****************************************************************************************
2024-12-23 10:58:45,128 p=82562 u=kurthogarth n=ansible | ok: [health-development-0] => {
    "msg": "The effective user is root"
}
2024-12-23 10:58:45,133 p=82562 u=kurthogarth n=ansible | TASK [deploy_health_app : Get stats for directory '/srv'] ************************************************************************
2024-12-23 10:58:56,109 p=82562 u=kurthogarth n=ansible | ok: [health-development-0]
2024-12-23 10:58:56,118 p=82562 u=kurthogarth n=ansible | TASK [deploy_health_app : Print message if directory exists] *********************************************************************
2024-12-23 10:58:56,137 p=82562 u=kurthogarth n=ansible | ok: [health-development-0] => {
    "msg": "Directory '/srv' exists."
}
2024-12-23 10:58:56,143 p=82562 u=kurthogarth n=ansible | TASK [deploy_health_app : Fail if directory not found] ***************************************************************************
2024-12-23 10:58:56,154 p=82562 u=kurthogarth n=ansible | skipping: [health-development-0]
2024-12-23 10:58:56,158 p=82562 u=kurthogarth n=ansible | TASK [deploy_health_app : Create the app directory] ******************************************************************************
2024-12-23 10:59:07,119 p=82562 u=kurthogarth n=ansible | ok: [health-development-0]
2024-12-23 10:59:07,130 p=82562 u=kurthogarth n=ansible | TASK [deploy_health_app : Check if the app directory was created] ****************************************************************
2024-12-23 10:59:07,158 p=82562 u=kurthogarth n=ansible | ok: [health-development-0] => {
    "msg": "Created app directory."
}
2024-12-23 10:59:07,163 p=82562 u=kurthogarth n=ansible | TASK [deploy_health_app : Report failure if the app directory does not exist] ****************************************************
2024-12-23 10:59:07,177 p=82562 u=kurthogarth n=ansible | skipping: [health-development-0]
2024-12-23 10:59:07,181 p=82562 u=kurthogarth n=ansible | TASK [deploy_health_app : Copy server python script] *****************************************************************************
2024-12-23 10:59:24,556 p=82562 u=kurthogarth n=ansible | ok: [health-development-0]
2024-12-23 10:59:24,567 p=82562 u=kurthogarth n=ansible | TASK [deploy_health_app : Check if the copy task was successful] *****************************************************************
2024-12-23 10:59:24,592 p=82562 u=kurthogarth n=ansible | ok: [health-development-0] => {
    "msg": "Copied file to: /srv/health_check/http_server.py"
}
2024-12-23 10:59:24,597 p=82562 u=kurthogarth n=ansible | TASK [deploy_health_app : Report failure if copy task failed] ********************************************************************
2024-12-23 10:59:24,611 p=82562 u=kurthogarth n=ansible | skipping: [health-development-0]
2024-12-23 10:59:24,615 p=82562 u=kurthogarth n=ansible | TASK [Start HTTP Service] ********************************************************************************************************
2024-12-23 10:59:24,633 p=82562 u=kurthogarth n=ansible | included: systemd-service for health-development-0
2024-12-23 10:59:24,638 p=82562 u=kurthogarth n=ansible | TASK [systemd-service : Create service file] *************************************************************************************
2024-12-23 10:59:24,646 p=82562 u=kurthogarth n=ansible | fatal: [health-development-0]: FAILED! => {"msg": "The task includes an option with an undefined variable.. 'service_name' is undefined\n\nThe error appears to be in '/Users/kurthogarth/Documents/GitHub/requis_deploy/ansible/roles/systemd-service/tasks/main.yml': line 7, column 7, but may\nbe elsewhere in the file depending on the exact syntax problem.\n\nThe offending line appears to be:\n\n  block:\n    - name: Create service file\n      ^ here\n"}
2024-12-23 10:59:24,647 p=82562 u=kurthogarth n=ansible | PLAY RECAP ***********************************************************************************************************************
2024-12-23 10:59:24,647 p=82562 u=kurthogarth n=ansible | health-development-0       : ok=10   changed=1    unreachable=0    failed=1    skipped=3    rescued=0    ignored=0   
2024-12-23 11:01:21,478 p=82720 u=kurthogarth n=botocore.credentials | Found credentials in shared credentials file: ~/.aws/credentials
2024-12-23 11:01:22,684 p=82720 u=kurthogarth n=ansible | PLAY [Setup Health App] **********************************************************************************************************
2024-12-23 11:01:22,690 p=82720 u=kurthogarth n=ansible | TASK [Gathering Facts] ***********************************************************************************************************
2024-12-23 11:01:35,277 p=82720 u=kurthogarth n=ansible | ok: [health-development-0]
2024-12-23 11:01:35,281 p=82720 u=kurthogarth n=ansible | TASK [deploy_health_app : Check whoami] ******************************************************************************************
2024-12-23 11:01:46,530 p=82720 u=kurthogarth n=ansible | changed: [health-development-0]
2024-12-23 11:01:46,541 p=82720 u=kurthogarth n=ansible | TASK [deploy_health_app : Display whoami] ****************************************************************************************
2024-12-23 11:01:46,560 p=82720 u=kurthogarth n=ansible | ok: [health-development-0] => {
    "msg": "The effective user is root"
}
2024-12-23 11:01:46,565 p=82720 u=kurthogarth n=ansible | TASK [deploy_health_app : Get stats for directory '/srv'] ************************************************************************
2024-12-23 11:01:57,810 p=82720 u=kurthogarth n=ansible | ok: [health-development-0]
2024-12-23 11:01:57,814 p=82720 u=kurthogarth n=ansible | TASK [deploy_health_app : Print message if directory exists] *********************************************************************
2024-12-23 11:01:57,825 p=82720 u=kurthogarth n=ansible | ok: [health-development-0] => {
    "msg": "Directory '/srv' exists."
}
2024-12-23 11:01:57,829 p=82720 u=kurthogarth n=ansible | TASK [deploy_health_app : Fail if directory not found] ***************************************************************************
2024-12-23 11:01:57,838 p=82720 u=kurthogarth n=ansible | skipping: [health-development-0]
2024-12-23 11:01:57,840 p=82720 u=kurthogarth n=ansible | TASK [deploy_health_app : Create the app directory] ******************************************************************************
2024-12-23 11:02:09,244 p=82720 u=kurthogarth n=ansible | ok: [health-development-0]
2024-12-23 11:02:09,249 p=82720 u=kurthogarth n=ansible | TASK [deploy_health_app : Check if the app directory was created] ****************************************************************
2024-12-23 11:02:09,268 p=82720 u=kurthogarth n=ansible | ok: [health-development-0] => {
    "msg": "Created app directory."
}
2024-12-23 11:02:09,272 p=82720 u=kurthogarth n=ansible | TASK [deploy_health_app : Report failure if the app directory does not exist] ****************************************************
2024-12-23 11:02:09,282 p=82720 u=kurthogarth n=ansible | skipping: [health-development-0]
2024-12-23 11:02:09,286 p=82720 u=kurthogarth n=ansible | TASK [deploy_health_app : Copy server python script] *****************************************************************************
2024-12-23 11:02:26,543 p=82720 u=kurthogarth n=ansible | ok: [health-development-0]
2024-12-23 11:02:26,548 p=82720 u=kurthogarth n=ansible | TASK [deploy_health_app : Check if the copy task was successful] *****************************************************************
2024-12-23 11:02:26,566 p=82720 u=kurthogarth n=ansible | ok: [health-development-0] => {
    "msg": "Copied file to: /srv/health_check/http_server.py"
}
2024-12-23 11:02:26,570 p=82720 u=kurthogarth n=ansible | TASK [deploy_health_app : Report failure if copy task failed] ********************************************************************
2024-12-23 11:02:26,582 p=82720 u=kurthogarth n=ansible | skipping: [health-development-0]
2024-12-23 11:02:26,585 p=82720 u=kurthogarth n=ansible | TASK [Start HTTP Service] ********************************************************************************************************
2024-12-23 11:02:26,605 p=82720 u=kurthogarth n=ansible | included: systemd-service for health-development-0
2024-12-23 11:02:26,609 p=82720 u=kurthogarth n=ansible | TASK [systemd-service : Create service file] *************************************************************************************
2024-12-23 11:02:31,290 p=82720 u=kurthogarth n=ansible | An exception occurred during task execution. To see the full traceback, use -vvv. The error was: If you are using a module and expect the file to exist on the remote, see the remote_src option
2024-12-23 11:02:31,291 p=82720 u=kurthogarth n=ansible | fatal: [health-development-0]: FAILED! => {"changed": false, "msg": "Could not find or access '../templates/systemd.service.j2'\nSearched in:\n\t/Users/kurthogarth/Documents/GitHub/requis_deploy/ansible/roles/systemd-service/templates/../templates/systemd.service.j2\n\t/Users/kurthogarth/Documents/GitHub/requis_deploy/ansible/roles/systemd-service/../templates/systemd.service.j2\n\t/Users/kurthogarth/Documents/GitHub/requis_deploy/ansible/roles/deploy_health_app/templates/../templates/systemd.service.j2\n\t/Users/kurthogarth/Documents/GitHub/requis_deploy/ansible/roles/deploy_health_app/../templates/systemd.service.j2\n\t/Users/kurthogarth/Documents/GitHub/requis_deploy/ansible/roles/systemd-service/tasks/templates/../templates/systemd.service.j2\n\t/Users/kurthogarth/Documents/GitHub/requis_deploy/ansible/roles/systemd-service/tasks/../templates/systemd.service.j2\n\t/Users/kurthogarth/Documents/GitHub/requis_deploy/ansible/playbooks/templates/../templates/systemd.service.j2\n\t/Users/kurthogarth/Documents/GitHub/requis_deploy/ansible/playbooks/../templates/systemd.service.j2 on the Ansible Controller.\nIf you are using a module and expect the file to exist on the remote, see the remote_src option"}
2024-12-23 11:02:31,293 p=82720 u=kurthogarth n=ansible | PLAY RECAP ***********************************************************************************************************************
2024-12-23 11:02:31,293 p=82720 u=kurthogarth n=ansible | health-development-0       : ok=10   changed=1    unreachable=0    failed=1    skipped=3    rescued=0    ignored=0   
2024-12-23 11:03:19,288 p=82874 u=kurthogarth n=botocore.credentials | Found credentials in shared credentials file: ~/.aws/credentials
2024-12-23 11:03:20,588 p=82874 u=kurthogarth n=ansible | PLAY [Setup Health App] **********************************************************************************************************
2024-12-23 11:03:20,596 p=82874 u=kurthogarth n=ansible | TASK [Gathering Facts] ***********************************************************************************************************
2024-12-23 11:03:32,685 p=82874 u=kurthogarth n=ansible | ok: [health-development-0]
2024-12-23 11:03:32,692 p=82874 u=kurthogarth n=ansible | TASK [deploy_health_app : Check whoami] ******************************************************************************************
2024-12-23 11:03:44,862 p=82874 u=kurthogarth n=ansible | changed: [health-development-0]
2024-12-23 11:03:44,871 p=82874 u=kurthogarth n=ansible | TASK [deploy_health_app : Display whoami] ****************************************************************************************
2024-12-23 11:03:44,887 p=82874 u=kurthogarth n=ansible | ok: [health-development-0] => {
    "msg": "The effective user is root"
}
2024-12-23 11:03:44,892 p=82874 u=kurthogarth n=ansible | TASK [deploy_health_app : Get stats for directory '/srv'] ************************************************************************
2024-12-23 11:03:56,526 p=82874 u=kurthogarth n=ansible | ok: [health-development-0]
2024-12-23 11:03:56,531 p=82874 u=kurthogarth n=ansible | TASK [deploy_health_app : Print message if directory exists] *********************************************************************
2024-12-23 11:03:56,546 p=82874 u=kurthogarth n=ansible | ok: [health-development-0] => {
    "msg": "Directory '/srv' exists."
}
2024-12-23 11:03:56,549 p=82874 u=kurthogarth n=ansible | TASK [deploy_health_app : Fail if directory not found] ***************************************************************************
2024-12-23 11:03:56,558 p=82874 u=kurthogarth n=ansible | skipping: [health-development-0]
2024-12-23 11:03:56,561 p=82874 u=kurthogarth n=ansible | TASK [deploy_health_app : Create the app directory] ******************************************************************************
2024-12-23 11:04:07,536 p=82874 u=kurthogarth n=ansible | ok: [health-development-0]
2024-12-23 11:04:07,540 p=82874 u=kurthogarth n=ansible | TASK [deploy_health_app : Check if the app directory was created] ****************************************************************
2024-12-23 11:04:07,557 p=82874 u=kurthogarth n=ansible | ok: [health-development-0] => {
    "msg": "Created app directory."
}
2024-12-23 11:04:07,560 p=82874 u=kurthogarth n=ansible | TASK [deploy_health_app : Report failure if the app directory does not exist] ****************************************************
2024-12-23 11:04:07,572 p=82874 u=kurthogarth n=ansible | skipping: [health-development-0]
2024-12-23 11:04:07,576 p=82874 u=kurthogarth n=ansible | TASK [deploy_health_app : Copy server python script] *****************************************************************************
2024-12-23 11:04:24,849 p=82874 u=kurthogarth n=ansible | ok: [health-development-0]
2024-12-23 11:04:24,855 p=82874 u=kurthogarth n=ansible | TASK [deploy_health_app : Check if the copy task was successful] *****************************************************************
2024-12-23 11:04:24,874 p=82874 u=kurthogarth n=ansible | ok: [health-development-0] => {
    "msg": "Copied file to: /srv/health_check/http_server.py"
}
2024-12-23 11:04:24,878 p=82874 u=kurthogarth n=ansible | TASK [deploy_health_app : Report failure if copy task failed] ********************************************************************
2024-12-23 11:04:24,893 p=82874 u=kurthogarth n=ansible | skipping: [health-development-0]
2024-12-23 11:04:24,896 p=82874 u=kurthogarth n=ansible | TASK [Start HTTP Service] ********************************************************************************************************
2024-12-23 11:04:24,914 p=82874 u=kurthogarth n=ansible | included: systemd-service for health-development-0
2024-12-23 11:04:24,919 p=82874 u=kurthogarth n=ansible | TASK [systemd-service : Create service file] *************************************************************************************
2024-12-23 11:04:46,626 p=82874 u=kurthogarth n=ansible | changed: [health-development-0]
2024-12-23 11:04:46,633 p=82874 u=kurthogarth n=ansible | TASK [systemd-service : Get service file stats] **********************************************************************************
2024-12-23 11:04:57,486 p=82874 u=kurthogarth n=ansible | ok: [health-development-0]
2024-12-23 11:04:57,495 p=82874 u=kurthogarth n=ansible | TASK [systemd-service : Check if service file exists] ****************************************************************************
2024-12-23 11:04:57,512 p=82874 u=kurthogarth n=ansible | fatal: [health-development-0]: FAILED! => {"msg": "invalid or malformed argument: 'Successfully created service health-check file.'"}
2024-12-23 11:04:57,514 p=82874 u=kurthogarth n=ansible | PLAY RECAP ***********************************************************************************************************************
2024-12-23 11:04:57,514 p=82874 u=kurthogarth n=ansible | health-development-0       : ok=12   changed=2    unreachable=0    failed=1    skipped=3    rescued=0    ignored=0   
2024-12-23 11:05:49,216 p=83056 u=kurthogarth n=botocore.credentials | Found credentials in shared credentials file: ~/.aws/credentials
2024-12-23 11:05:50,131 p=83056 u=kurthogarth n=ansible | PLAY [Setup Health App] **********************************************************************************************************
2024-12-23 11:05:50,138 p=83056 u=kurthogarth n=ansible | TASK [Gathering Facts] ***********************************************************************************************************
2024-12-23 11:06:03,436 p=83056 u=kurthogarth n=ansible | ok: [health-development-0]
2024-12-23 11:06:03,443 p=83056 u=kurthogarth n=ansible | TASK [deploy_health_app : Check whoami] ******************************************************************************************
2024-12-23 11:06:14,944 p=83056 u=kurthogarth n=ansible | changed: [health-development-0]
2024-12-23 11:06:14,949 p=83056 u=kurthogarth n=ansible | TASK [deploy_health_app : Display whoami] ****************************************************************************************
2024-12-23 11:06:14,962 p=83056 u=kurthogarth n=ansible | ok: [health-development-0] => {
    "msg": "The effective user is root"
}
2024-12-23 11:06:14,965 p=83056 u=kurthogarth n=ansible | TASK [deploy_health_app : Get stats for directory '/srv'] ************************************************************************
2024-12-23 11:06:26,072 p=83056 u=kurthogarth n=ansible | ok: [health-development-0]
2024-12-23 11:06:26,077 p=83056 u=kurthogarth n=ansible | TASK [deploy_health_app : Print message if directory exists] *********************************************************************
2024-12-23 11:06:26,092 p=83056 u=kurthogarth n=ansible | ok: [health-development-0] => {
    "msg": "Directory '/srv' exists."
}
2024-12-23 11:06:26,095 p=83056 u=kurthogarth n=ansible | TASK [deploy_health_app : Fail if directory not found] ***************************************************************************
2024-12-23 11:06:26,106 p=83056 u=kurthogarth n=ansible | skipping: [health-development-0]
2024-12-23 11:06:26,109 p=83056 u=kurthogarth n=ansible | TASK [deploy_health_app : Create the app directory] ******************************************************************************
2024-12-23 11:06:37,216 p=83056 u=kurthogarth n=ansible | ok: [health-development-0]
2024-12-23 11:06:37,228 p=83056 u=kurthogarth n=ansible | TASK [deploy_health_app : Check if the app directory was created] ****************************************************************
2024-12-23 11:06:37,250 p=83056 u=kurthogarth n=ansible | ok: [health-development-0] => {
    "msg": "Created app directory."
}
2024-12-23 11:06:37,256 p=83056 u=kurthogarth n=ansible | TASK [deploy_health_app : Report failure if the app directory does not exist] ****************************************************
2024-12-23 11:06:37,267 p=83056 u=kurthogarth n=ansible | skipping: [health-development-0]
2024-12-23 11:06:37,272 p=83056 u=kurthogarth n=ansible | TASK [deploy_health_app : Copy server python script] *****************************************************************************
2024-12-23 11:06:48,835 p=83056 u=kurthogarth n=ansible | fatal: [health-development-0]: FAILED! => {"msg": "file or module does not exist: /Users/kurthogarth/Documents/GitHub/requis_deploy/ansible/roles/deploy_health_app/files/http_server.py\nCould not find file on the Ansible Controller.\nIf you are using a module and expect the file to exist on the remote, see the remote_src option"}
2024-12-23 11:06:48,837 p=83056 u=kurthogarth n=ansible | PLAY RECAP ***********************************************************************************************************************
2024-12-23 11:06:48,837 p=83056 u=kurthogarth n=ansible | health-development-0       : ok=7    changed=1    unreachable=0    failed=1    skipped=2    rescued=0    ignored=0   
2024-12-23 11:07:02,265 p=83195 u=kurthogarth n=botocore.credentials | Found credentials in shared credentials file: ~/.aws/credentials
2024-12-23 11:07:03,049 p=83195 u=kurthogarth n=ansible | PLAY [Setup Health App] **********************************************************************************************************
2024-12-23 11:07:03,059 p=83195 u=kurthogarth n=ansible | TASK [Gathering Facts] ***********************************************************************************************************
2024-12-23 11:07:15,536 p=83195 u=kurthogarth n=ansible | ok: [health-development-0]
2024-12-23 11:07:15,540 p=83195 u=kurthogarth n=ansible | TASK [deploy_health_check : Check whoami] ****************************************************************************************
2024-12-23 11:07:26,780 p=83195 u=kurthogarth n=ansible | changed: [health-development-0]
2024-12-23 11:07:26,792 p=83195 u=kurthogarth n=ansible | TASK [deploy_health_check : Display whoami] **************************************************************************************
2024-12-23 11:07:26,814 p=83195 u=kurthogarth n=ansible | ok: [health-development-0] => {
    "msg": "The effective user is root"
}
2024-12-23 11:07:26,819 p=83195 u=kurthogarth n=ansible | TASK [deploy_health_check : Get stats for directory '/srv'] **********************************************************************
2024-12-23 11:07:38,021 p=83195 u=kurthogarth n=ansible | ok: [health-development-0]
2024-12-23 11:07:38,029 p=83195 u=kurthogarth n=ansible | TASK [deploy_health_check : Print message if directory exists] *******************************************************************
2024-12-23 11:07:38,045 p=83195 u=kurthogarth n=ansible | ok: [health-development-0] => {
    "msg": "Directory '/srv' exists."
}
2024-12-23 11:07:38,049 p=83195 u=kurthogarth n=ansible | TASK [deploy_health_check : Fail if directory not found] *************************************************************************
2024-12-23 11:07:38,062 p=83195 u=kurthogarth n=ansible | skipping: [health-development-0]
2024-12-23 11:07:38,065 p=83195 u=kurthogarth n=ansible | TASK [deploy_health_check : Create the app directory] ****************************************************************************
2024-12-23 11:07:48,902 p=83195 u=kurthogarth n=ansible | ok: [health-development-0]
2024-12-23 11:07:48,907 p=83195 u=kurthogarth n=ansible | TASK [deploy_health_check : Check if the app directory was created] **************************************************************
2024-12-23 11:07:48,932 p=83195 u=kurthogarth n=ansible | ok: [health-development-0] => {
    "msg": "Created app directory."
}
2024-12-23 11:07:48,936 p=83195 u=kurthogarth n=ansible | TASK [deploy_health_check : Report failure if the app directory does not exist] **************************************************
2024-12-23 11:07:49,011 p=83195 u=kurthogarth n=ansible | skipping: [health-development-0]
2024-12-23 11:07:49,023 p=83195 u=kurthogarth n=ansible | TASK [deploy_health_check : Copy server python script] ***************************************************************************
2024-12-23 11:08:06,436 p=83195 u=kurthogarth n=ansible | ok: [health-development-0]
2024-12-23 11:08:06,442 p=83195 u=kurthogarth n=ansible | TASK [deploy_health_check : Check if the copy task was successful] ***************************************************************
2024-12-23 11:08:06,463 p=83195 u=kurthogarth n=ansible | ok: [health-development-0] => {
    "msg": "Copied file to: /srv/health_check/http_server.py"
}
2024-12-23 11:08:06,467 p=83195 u=kurthogarth n=ansible | TASK [deploy_health_check : Report failure if copy task failed] ******************************************************************
2024-12-23 11:08:06,481 p=83195 u=kurthogarth n=ansible | skipping: [health-development-0]
2024-12-23 11:08:06,487 p=83195 u=kurthogarth n=ansible | TASK [Start HTTP Service] ********************************************************************************************************
2024-12-23 11:08:06,507 p=83195 u=kurthogarth n=ansible | included: systemd-service for health-development-0
2024-12-23 11:08:06,511 p=83195 u=kurthogarth n=ansible | TASK [systemd-service : Create service file] *************************************************************************************
2024-12-23 11:08:24,448 p=83195 u=kurthogarth n=ansible | ok: [health-development-0]
2024-12-23 11:08:24,452 p=83195 u=kurthogarth n=ansible | TASK [systemd-service : Get service file stats] **********************************************************************************
2024-12-23 11:08:36,114 p=83195 u=kurthogarth n=ansible | ok: [health-development-0]
2024-12-23 11:08:36,121 p=83195 u=kurthogarth n=ansible | TASK [systemd-service : Check if service file exists] ****************************************************************************
2024-12-23 11:08:36,132 p=83195 u=kurthogarth n=ansible | fatal: [health-development-0]: FAILED! => {"msg": "invalid or malformed argument: 'Successfully created service health-check file.'"}
2024-12-23 11:08:36,133 p=83195 u=kurthogarth n=ansible | PLAY RECAP ***********************************************************************************************************************
2024-12-23 11:08:36,133 p=83195 u=kurthogarth n=ansible | health-development-0       : ok=12   changed=1    unreachable=0    failed=1    skipped=3    rescued=0    ignored=0   
2024-12-23 11:12:12,411 p=83443 u=kurthogarth n=botocore.credentials | Found credentials in shared credentials file: ~/.aws/credentials
2024-12-23 11:12:13,325 p=83443 u=kurthogarth n=ansible | PLAY [Setup Health App] **********************************************************************************************************
2024-12-23 11:12:13,331 p=83443 u=kurthogarth n=ansible | TASK [Gathering Facts] ***********************************************************************************************************
2024-12-23 11:12:25,127 p=83443 u=kurthogarth n=ansible | ok: [health-development-0]
2024-12-23 11:12:25,132 p=83443 u=kurthogarth n=ansible | TASK [deploy_health_check : Check whoami] ****************************************************************************************
2024-12-23 11:12:36,871 p=83443 u=kurthogarth n=ansible | changed: [health-development-0]
2024-12-23 11:12:36,883 p=83443 u=kurthogarth n=ansible | TASK [deploy_health_check : Display whoami] **************************************************************************************
2024-12-23 11:12:36,896 p=83443 u=kurthogarth n=ansible | ok: [health-development-0] => {
    "msg": "The effective user is root"
}
2024-12-23 11:12:36,899 p=83443 u=kurthogarth n=ansible | TASK [deploy_health_check : Get stats for directory '/srv'] **********************************************************************
2024-12-23 11:12:48,380 p=83443 u=kurthogarth n=ansible | ok: [health-development-0]
2024-12-23 11:12:48,387 p=83443 u=kurthogarth n=ansible | TASK [deploy_health_check : Print message if directory exists] *******************************************************************
2024-12-23 11:12:48,403 p=83443 u=kurthogarth n=ansible | ok: [health-development-0] => {
    "msg": "Directory '/srv' exists."
}
2024-12-23 11:12:48,408 p=83443 u=kurthogarth n=ansible | TASK [deploy_health_check : Fail if directory not found] *************************************************************************
2024-12-23 11:12:48,418 p=83443 u=kurthogarth n=ansible | skipping: [health-development-0]
2024-12-23 11:12:48,423 p=83443 u=kurthogarth n=ansible | TASK [deploy_health_check : Create the app directory] ****************************************************************************
2024-12-23 11:12:59,717 p=83443 u=kurthogarth n=ansible | ok: [health-development-0]
2024-12-23 11:12:59,730 p=83443 u=kurthogarth n=ansible | TASK [deploy_health_check : Check if the app directory was created] **************************************************************
2024-12-23 11:12:59,762 p=83443 u=kurthogarth n=ansible | ok: [health-development-0] => {
    "msg": "Created app directory."
}
2024-12-23 11:12:59,768 p=83443 u=kurthogarth n=ansible | TASK [deploy_health_check : Report failure if the app directory does not exist] **************************************************
2024-12-23 11:12:59,781 p=83443 u=kurthogarth n=ansible | skipping: [health-development-0]
2024-12-23 11:12:59,787 p=83443 u=kurthogarth n=ansible | TASK [deploy_health_check : Copy server python script] ***************************************************************************
2024-12-23 11:13:17,187 p=83443 u=kurthogarth n=ansible | ok: [health-development-0]
2024-12-23 11:13:17,191 p=83443 u=kurthogarth n=ansible | TASK [deploy_health_check : Check if the copy task was successful] ***************************************************************
2024-12-23 11:13:17,215 p=83443 u=kurthogarth n=ansible | ok: [health-development-0] => {
    "msg": "Copied file to: /srv/health_check/http_server.py"
}
2024-12-23 11:13:17,218 p=83443 u=kurthogarth n=ansible | TASK [deploy_health_check : Report failure if copy task failed] ******************************************************************
2024-12-23 11:13:17,228 p=83443 u=kurthogarth n=ansible | skipping: [health-development-0]
2024-12-23 11:13:17,231 p=83443 u=kurthogarth n=ansible | TASK [Start HTTP Service] ********************************************************************************************************
2024-12-23 11:13:17,248 p=83443 u=kurthogarth n=ansible | included: systemd-service for health-development-0
2024-12-23 11:13:17,251 p=83443 u=kurthogarth n=ansible | TASK [systemd-service : Create service file] *************************************************************************************
2024-12-23 11:13:34,328 p=83443 u=kurthogarth n=ansible | ok: [health-development-0]
2024-12-23 11:13:34,338 p=83443 u=kurthogarth n=ansible | TASK [systemd-service : Get service file stats] **********************************************************************************
2024-12-23 11:13:45,104 p=83443 u=kurthogarth n=ansible | ok: [health-development-0]
2024-12-23 11:13:45,111 p=83443 u=kurthogarth n=ansible | TASK [systemd-service : Check if service file exists] ****************************************************************************
2024-12-23 11:13:45,120 p=83443 u=kurthogarth n=ansible | fatal: [health-development-0]: FAILED! => {"msg": "invalid or malformed argument: 'Successfully created service health-check file.'"}
2024-12-23 11:13:45,121 p=83443 u=kurthogarth n=ansible | PLAY RECAP ***********************************************************************************************************************
2024-12-23 11:13:45,121 p=83443 u=kurthogarth n=ansible | health-development-0       : ok=12   changed=1    unreachable=0    failed=1    skipped=3    rescued=0    ignored=0   
2024-12-23 11:14:34,123 p=83614 u=kurthogarth n=botocore.credentials | Found credentials in shared credentials file: ~/.aws/credentials
2024-12-23 11:14:35,126 p=83614 u=kurthogarth n=ansible | PLAY [Setup Health App] **********************************************************************************************************
2024-12-23 11:14:35,133 p=83614 u=kurthogarth n=ansible | TASK [Gathering Facts] ***********************************************************************************************************
2024-12-23 11:14:47,967 p=83614 u=kurthogarth n=ansible | ok: [health-development-0]
2024-12-23 11:14:47,975 p=83614 u=kurthogarth n=ansible | TASK [deploy_health_check : Check whoami] ****************************************************************************************
2024-12-23 11:14:59,520 p=83614 u=kurthogarth n=ansible | changed: [health-development-0]
2024-12-23 11:14:59,525 p=83614 u=kurthogarth n=ansible | TASK [deploy_health_check : Display whoami] **************************************************************************************
2024-12-23 11:14:59,535 p=83614 u=kurthogarth n=ansible | ok: [health-development-0] => {
    "msg": "The effective user is root"
}
2024-12-23 11:14:59,539 p=83614 u=kurthogarth n=ansible | TASK [deploy_health_check : Get stats for directory '/srv'] **********************************************************************
2024-12-23 11:15:10,543 p=83614 u=kurthogarth n=ansible | ok: [health-development-0]
2024-12-23 11:15:10,548 p=83614 u=kurthogarth n=ansible | TASK [deploy_health_check : Print message if directory exists] *******************************************************************
2024-12-23 11:15:10,589 p=83614 u=kurthogarth n=ansible | ok: [health-development-0] => {
    "msg": "Directory '/srv' exists."
}
2024-12-23 11:15:10,607 p=83614 u=kurthogarth n=ansible | TASK [deploy_health_check : Fail if directory not found] *************************************************************************
2024-12-23 11:15:10,626 p=83614 u=kurthogarth n=ansible | skipping: [health-development-0]
2024-12-23 11:15:10,629 p=83614 u=kurthogarth n=ansible | TASK [deploy_health_check : Create the app directory] ****************************************************************************
2024-12-23 11:15:21,804 p=83614 u=kurthogarth n=ansible | ok: [health-development-0]
2024-12-23 11:15:21,815 p=83614 u=kurthogarth n=ansible | TASK [deploy_health_check : Check if the app directory was created] **************************************************************
2024-12-23 11:15:21,844 p=83614 u=kurthogarth n=ansible | ok: [health-development-0] => {
    "msg": "Created app directory."
}
2024-12-23 11:15:21,849 p=83614 u=kurthogarth n=ansible | TASK [deploy_health_check : Report failure if the app directory does not exist] **************************************************
2024-12-23 11:15:21,863 p=83614 u=kurthogarth n=ansible | skipping: [health-development-0]
2024-12-23 11:15:21,867 p=83614 u=kurthogarth n=ansible | TASK [deploy_health_check : Copy server python script] ***************************************************************************
2024-12-23 11:15:38,251 p=83614 u=kurthogarth n=ansible | ok: [health-development-0]
2024-12-23 11:15:38,256 p=83614 u=kurthogarth n=ansible | TASK [deploy_health_check : Check if the copy task was successful] ***************************************************************
2024-12-23 11:15:38,273 p=83614 u=kurthogarth n=ansible | ok: [health-development-0] => {
    "msg": "Copied file to: /srv/health_check/http_server.py"
}
2024-12-23 11:15:38,282 p=83614 u=kurthogarth n=ansible | TASK [deploy_health_check : Report failure if copy task failed] ******************************************************************
2024-12-23 11:15:38,294 p=83614 u=kurthogarth n=ansible | skipping: [health-development-0]
2024-12-23 11:15:38,298 p=83614 u=kurthogarth n=ansible | TASK [Start HTTP Service] ********************************************************************************************************
2024-12-23 11:15:38,315 p=83614 u=kurthogarth n=ansible | included: systemd-service for health-development-0
2024-12-23 11:15:38,319 p=83614 u=kurthogarth n=ansible | TASK [systemd-service : Create service file] *************************************************************************************
2024-12-23 11:15:56,603 p=83614 u=kurthogarth n=ansible | ok: [health-development-0]
2024-12-23 11:15:56,614 p=83614 u=kurthogarth n=ansible | TASK [systemd-service : Get service file stats] **********************************************************************************
2024-12-23 11:16:08,155 p=83614 u=kurthogarth n=ansible | ok: [health-development-0]
2024-12-23 11:16:08,160 p=83614 u=kurthogarth n=ansible | TASK [systemd-service : Check if service file exists] ****************************************************************************
2024-12-23 11:16:08,179 p=83614 u=kurthogarth n=ansible | ok: [health-development-0] => {
    "msg": "Successfully created service health-check file."
}
2024-12-23 11:16:08,187 p=83614 u=kurthogarth n=ansible | TASK [systemd-service : Fail if the service file does not exist] *****************************************************************
2024-12-23 11:16:08,198 p=83614 u=kurthogarth n=ansible | skipping: [health-development-0]
2024-12-23 11:16:08,203 p=83614 u=kurthogarth n=ansible | TASK [systemd-service : Reload systemd configuration to recognize the new service] ***********************************************
2024-12-23 11:16:19,484 p=83614 u=kurthogarth n=ansible | changed: [health-development-0]
2024-12-23 11:16:19,496 p=83614 u=kurthogarth n=ansible | TASK [systemd-service : Start systemd service] ***********************************************************************************
2024-12-23 11:16:32,356 p=83614 u=kurthogarth n=ansible | changed: [health-development-0]
2024-12-23 11:16:32,368 p=83614 u=kurthogarth n=ansible | TASK [systemd-service : Get the status of the service] ***************************************************************************
2024-12-23 11:16:44,769 p=83614 u=kurthogarth n=ansible | ok: [health-development-0]
2024-12-23 11:16:44,773 p=83614 u=kurthogarth n=ansible | TASK [systemd-service : Print message if service is running] *********************************************************************
2024-12-23 11:16:44,787 p=83614 u=kurthogarth n=ansible | ok: [health-development-0] => {
    "msg": "Started service health-check."
}
2024-12-23 11:16:44,790 p=83614 u=kurthogarth n=ansible | TASK [systemd-service : Fail if the service is not running] **********************************************************************
2024-12-23 11:16:44,800 p=83614 u=kurthogarth n=ansible | skipping: [health-development-0]
2024-12-23 11:16:44,806 p=83614 u=kurthogarth n=ansible | PLAY RECAP ***********************************************************************************************************************
2024-12-23 11:16:44,806 p=83614 u=kurthogarth n=ansible | health-development-0       : ok=17   changed=3    unreachable=0    failed=0    skipped=5    rescued=0    ignored=0   
2024-12-23 16:48:05,417 p=87278 u=kurthogarth n=botocore.credentials | Found credentials in shared credentials file: ~/.aws/credentials
2024-12-23 16:48:06,269 p=87278 u=kurthogarth n=ansible | PLAY [Setup Health App] *****************************************************************
2024-12-23 16:48:06,277 p=87278 u=kurthogarth n=ansible | TASK [Gathering Facts] ******************************************************************
2024-12-23 16:48:15,662 p=87278 u=kurthogarth n=ansible | ok: [health-development-0]
2024-12-23 16:48:15,671 p=87278 u=kurthogarth n=ansible | TASK [deploy_health_check : Check whoami] ***********************************************
2024-12-23 16:48:24,073 p=87278 u=kurthogarth n=ansible | changed: [health-development-0]
2024-12-23 16:48:24,080 p=87278 u=kurthogarth n=ansible | TASK [deploy_health_check : Display whoami] *********************************************
2024-12-23 16:48:24,093 p=87278 u=kurthogarth n=ansible | ok: [health-development-0] => {
    "msg": "The effective user is root"
}
2024-12-23 16:48:24,097 p=87278 u=kurthogarth n=ansible | TASK [deploy_health_check : Get stats for directory '/srv'] *****************************
2024-12-23 16:48:32,580 p=87278 u=kurthogarth n=ansible | ok: [health-development-0]
2024-12-23 16:48:32,585 p=87278 u=kurthogarth n=ansible | TASK [deploy_health_check : Print message if directory exists] **************************
2024-12-23 16:48:32,599 p=87278 u=kurthogarth n=ansible | ok: [health-development-0] => {
    "msg": "Directory '/srv' exists."
}
2024-12-23 16:48:32,602 p=87278 u=kurthogarth n=ansible | TASK [deploy_health_check : Fail if directory not found] ********************************
2024-12-23 16:48:32,617 p=87278 u=kurthogarth n=ansible | skipping: [health-development-0]
2024-12-23 16:48:32,619 p=87278 u=kurthogarth n=ansible | TASK [deploy_health_check : Create the app directory] ***********************************
2024-12-23 16:48:41,153 p=87278 u=kurthogarth n=ansible | ok: [health-development-0]
2024-12-23 16:48:41,164 p=87278 u=kurthogarth n=ansible | TASK [deploy_health_check : Check if the app directory was created] *********************
2024-12-23 16:48:41,196 p=87278 u=kurthogarth n=ansible | ok: [health-development-0] => {
    "msg": "Created app directory."
}
2024-12-23 16:48:41,202 p=87278 u=kurthogarth n=ansible | TASK [deploy_health_check : Report failure if the app directory does not exist] *********
2024-12-23 16:48:41,218 p=87278 u=kurthogarth n=ansible | skipping: [health-development-0]
2024-12-23 16:48:41,223 p=87278 u=kurthogarth n=ansible | TASK [deploy_health_check : Copy server python script] **********************************
2024-12-23 16:48:54,275 p=87278 u=kurthogarth n=ansible | ok: [health-development-0]
2024-12-23 16:48:54,286 p=87278 u=kurthogarth n=ansible | TASK [deploy_health_check : Check if the copy task was successful] **********************
2024-12-23 16:48:54,303 p=87278 u=kurthogarth n=ansible | ok: [health-development-0] => {
    "msg": "Copied file to: /srv/health_check/http_server.py"
}
2024-12-23 16:48:54,306 p=87278 u=kurthogarth n=ansible | TASK [deploy_health_check : Report failure if copy task failed] *************************
2024-12-23 16:48:54,317 p=87278 u=kurthogarth n=ansible | skipping: [health-development-0]
2024-12-23 16:48:54,320 p=87278 u=kurthogarth n=ansible | TASK [Start HTTP Service] ***************************************************************
2024-12-23 16:48:54,335 p=87278 u=kurthogarth n=ansible | included: systemd-service for health-development-0
2024-12-23 16:48:54,338 p=87278 u=kurthogarth n=ansible | TASK [systemd-service : Create service file] ********************************************
2024-12-23 16:49:07,755 p=87278 u=kurthogarth n=ansible | ok: [health-development-0]
2024-12-23 16:49:07,760 p=87278 u=kurthogarth n=ansible | TASK [systemd-service : Get service file stats] *****************************************
2024-12-23 16:49:16,050 p=87278 u=kurthogarth n=ansible | ok: [health-development-0]
2024-12-23 16:49:16,054 p=87278 u=kurthogarth n=ansible | TASK [systemd-service : Check if service file exists] ***********************************
2024-12-23 16:49:16,068 p=87278 u=kurthogarth n=ansible | ok: [health-development-0] => {
    "msg": "Successfully created service health-check file."
}
2024-12-23 16:49:16,071 p=87278 u=kurthogarth n=ansible | TASK [systemd-service : Fail if the service file does not exist] ************************
2024-12-23 16:49:16,084 p=87278 u=kurthogarth n=ansible | skipping: [health-development-0]
2024-12-23 16:49:16,088 p=87278 u=kurthogarth n=ansible | TASK [systemd-service : Reload systemd configuration to recognize the new service] ******
2024-12-23 16:49:24,585 p=87278 u=kurthogarth n=ansible | changed: [health-development-0]
2024-12-23 16:49:24,590 p=87278 u=kurthogarth n=ansible | TASK [systemd-service : Start systemd service] ******************************************
2024-12-23 16:49:33,311 p=87278 u=kurthogarth n=ansible | ok: [health-development-0]
2024-12-23 16:49:33,316 p=87278 u=kurthogarth n=ansible | TASK [systemd-service : Get the status of the service] **********************************
2024-12-23 16:49:42,041 p=87278 u=kurthogarth n=ansible | ok: [health-development-0]
2024-12-23 16:49:42,046 p=87278 u=kurthogarth n=ansible | TASK [systemd-service : Print message if service is running] ****************************
2024-12-23 16:49:42,059 p=87278 u=kurthogarth n=ansible | ok: [health-development-0] => {
    "msg": "Started service health-check."
}
2024-12-23 16:49:42,062 p=87278 u=kurthogarth n=ansible | TASK [systemd-service : Fail if the service is not running] *****************************
2024-12-23 16:49:42,069 p=87278 u=kurthogarth n=ansible | skipping: [health-development-0]
2024-12-23 16:49:42,074 p=87278 u=kurthogarth n=ansible | PLAY RECAP ******************************************************************************
2024-12-23 16:49:42,075 p=87278 u=kurthogarth n=ansible | health-development-0       : ok=17   changed=2    unreachable=0    failed=0    skipped=5    rescued=0    ignored=0   
2024-12-23 16:56:24,277 p=88271 u=kurthogarth n=botocore.credentials | Found credentials in shared credentials file: ~/.aws/credentials
2024-12-23 16:56:25,053 p=88271 u=kurthogarth n=ansible | PLAY [Setup Health App] **********************************************************************************************************
2024-12-23 16:56:25,060 p=88271 u=kurthogarth n=ansible | TASK [Gathering Facts] ***********************************************************************************************************
2024-12-23 16:56:34,674 p=88271 u=kurthogarth n=ansible | ok: [health-development-0]
2024-12-23 16:56:34,682 p=88271 u=kurthogarth n=ansible | TASK [deploy_health_check : Check whoami] ****************************************************************************************
2024-12-23 16:56:43,028 p=88271 u=kurthogarth n=ansible | changed: [health-development-0]
2024-12-23 16:56:43,034 p=88271 u=kurthogarth n=ansible | TASK [deploy_health_check : Display whoami] **************************************************************************************
2024-12-23 16:56:43,052 p=88271 u=kurthogarth n=ansible | ok: [health-development-0] => {
    "msg": "The effective user is root"
}
2024-12-23 16:56:43,058 p=88271 u=kurthogarth n=ansible | TASK [deploy_health_check : Get stats for directory '/srv'] **********************************************************************
2024-12-23 16:56:51,465 p=88271 u=kurthogarth n=ansible | ok: [health-development-0]
2024-12-23 16:56:51,474 p=88271 u=kurthogarth n=ansible | TASK [deploy_health_check : Print message if directory exists] *******************************************************************
2024-12-23 16:56:51,496 p=88271 u=kurthogarth n=ansible | ok: [health-development-0] => {
    "msg": "Directory '/srv' exists."
}
2024-12-23 16:56:51,502 p=88271 u=kurthogarth n=ansible | TASK [deploy_health_check : Fail if directory not found] *************************************************************************
2024-12-23 16:56:51,514 p=88271 u=kurthogarth n=ansible | skipping: [health-development-0]
2024-12-23 16:56:51,518 p=88271 u=kurthogarth n=ansible | TASK [deploy_health_check : Create the app directory] ****************************************************************************
2024-12-23 16:56:59,953 p=88271 u=kurthogarth n=ansible | changed: [health-development-0]
2024-12-23 16:56:59,962 p=88271 u=kurthogarth n=ansible | TASK [deploy_health_check : Check if the app directory was created] **************************************************************
2024-12-23 16:56:59,986 p=88271 u=kurthogarth n=ansible | ok: [health-development-0] => {
    "msg": "Created app directory."
}
2024-12-23 16:56:59,992 p=88271 u=kurthogarth n=ansible | TASK [deploy_health_check : Report failure if the app directory does not exist] **************************************************
2024-12-23 16:57:00,005 p=88271 u=kurthogarth n=ansible | skipping: [health-development-0]
2024-12-23 16:57:00,009 p=88271 u=kurthogarth n=ansible | TASK [deploy_health_check : Copy server python script] ***************************************************************************
2024-12-23 16:57:16,318 p=88271 u=kurthogarth n=ansible | changed: [health-development-0]
2024-12-23 16:57:16,322 p=88271 u=kurthogarth n=ansible | TASK [deploy_health_check : Check if the copy task was successful] ***************************************************************
2024-12-23 16:57:16,338 p=88271 u=kurthogarth n=ansible | ok: [health-development-0] => {
    "msg": "Copied file to: /srv/health_check/http_server.py"
}
2024-12-23 16:57:16,341 p=88271 u=kurthogarth n=ansible | TASK [deploy_health_check : Report failure if copy task failed] ******************************************************************
2024-12-23 16:57:16,352 p=88271 u=kurthogarth n=ansible | skipping: [health-development-0]
2024-12-23 16:57:16,355 p=88271 u=kurthogarth n=ansible | TASK [Start HTTP Service] ********************************************************************************************************
2024-12-23 16:57:16,373 p=88271 u=kurthogarth n=ansible | included: systemd-service for health-development-0
2024-12-23 16:57:16,377 p=88271 u=kurthogarth n=ansible | TASK [systemd-service : Create service file] *************************************************************************************
2024-12-23 16:57:32,468 p=88271 u=kurthogarth n=ansible | changed: [health-development-0]
2024-12-23 16:57:32,478 p=88271 u=kurthogarth n=ansible | TASK [systemd-service : Get service file stats] **********************************************************************************
2024-12-23 16:57:40,914 p=88271 u=kurthogarth n=ansible | ok: [health-development-0]
2024-12-23 16:57:40,925 p=88271 u=kurthogarth n=ansible | TASK [systemd-service : Check if service file exists] ****************************************************************************
2024-12-23 16:57:40,946 p=88271 u=kurthogarth n=ansible | ok: [health-development-0] => {
    "msg": "Successfully created service health-check file."
}
2024-12-23 16:57:40,951 p=88271 u=kurthogarth n=ansible | TASK [systemd-service : Fail if the service file does not exist] *****************************************************************
2024-12-23 16:57:40,962 p=88271 u=kurthogarth n=ansible | skipping: [health-development-0]
2024-12-23 16:57:40,967 p=88271 u=kurthogarth n=ansible | TASK [systemd-service : Reload systemd configuration to recognize the new service] ***********************************************
2024-12-23 16:57:49,728 p=88271 u=kurthogarth n=ansible | changed: [health-development-0]
2024-12-23 16:57:49,737 p=88271 u=kurthogarth n=ansible | TASK [systemd-service : Start systemd service] ***********************************************************************************
2024-12-23 16:57:59,066 p=88271 u=kurthogarth n=ansible | changed: [health-development-0]
2024-12-23 16:57:59,075 p=88271 u=kurthogarth n=ansible | TASK [systemd-service : Get the status of the service] ***************************************************************************
2024-12-23 16:58:10,061 p=88271 u=kurthogarth n=ansible | ok: [health-development-0]
2024-12-23 16:58:10,071 p=88271 u=kurthogarth n=ansible | TASK [systemd-service : Print message if service is running] *********************************************************************
2024-12-23 16:58:10,094 p=88271 u=kurthogarth n=ansible | ok: [health-development-0] => {
    "msg": "Started service health-check."
}
2024-12-23 16:58:10,098 p=88271 u=kurthogarth n=ansible | TASK [systemd-service : Fail if the service is not running] **********************************************************************
2024-12-23 16:58:10,109 p=88271 u=kurthogarth n=ansible | skipping: [health-development-0]
2024-12-23 16:58:10,117 p=88271 u=kurthogarth n=ansible | PLAY RECAP ***********************************************************************************************************************
2024-12-23 16:58:10,117 p=88271 u=kurthogarth n=ansible | health-development-0       : ok=17   changed=6    unreachable=0    failed=0    skipped=5    rescued=0    ignored=0   
